<?xml version="1.0" encoding="UTF-8"?>
<testng-results ignored="0" total="1" passed="1" failed="0" skipped="0">
  <reporter-output>
  </reporter-output>
  <suite started-at="2026-02-01T13:00:31 IST" name="Surefire suite" finished-at="2026-02-01T13:00:38 IST" duration-ms="7191">
    <groups>
      <group name="cucumber">
        <method signature="AbstractTestNGCucumberTests.runScenario(io.cucumber.testng.PickleWrapper,io.cucumber.testng.FeatureWrapper)[pri:0, instance:com.framework.runner.TestRunner@34b7ac2f]" name="runScenario" class="io.cucumber.testng.AbstractTestNGCucumberTests"/>
      </group> <!-- cucumber -->
    </groups>
    <test started-at="2026-02-01T13:00:31 IST" name="Surefire test" finished-at="2026-02-01T13:00:38 IST" duration-ms="7191">
      <class name="com.framework.runner.TestRunner">
        <test-method is-config="true" signature="setUpClass(org.testng.ITestContext)[pri:0, instance:com.framework.runner.TestRunner@34b7ac2f]" started-at="2026-02-01T13:00:31 IST" name="setUpClass" finished-at="2026-02-01T13:00:31 IST" duration-ms="423" status="PASS">
          <params>
            <param index="0">
              <value>
                <![CDATA[org.testng.TestRunner@6821ea29]]>
              </value>
            </param>
          </params>
          <reporter-output>
          </reporter-output>
        </test-method> <!-- setUpClass -->
        <test-method signature="runScenario(io.cucumber.testng.PickleWrapper,io.cucumber.testng.FeatureWrapper)[pri:0, instance:com.framework.runner.TestRunner@34b7ac2f]" started-at="2026-02-01T13:00:31 IST" name="runScenario" description="Runs Cucumber Scenarios" data-provider="scenarios" finished-at="2026-02-01T13:00:38 IST" duration-ms="6689" status="PASS">
          <params>
            <param index="0">
              <value>
                <![CDATA["Sample login"]]>
              </value>
            </param>
            <param index="1">
              <value>
                <![CDATA["Login"]]>
              </value>
            </param>
          </params>
          <reporter-output>
          </reporter-output>
        </test-method> <!-- runScenario -->
        <test-method is-config="true" signature="tearDownClass()[pri:0, instance:com.framework.runner.TestRunner@34b7ac2f]" started-at="2026-02-01T13:00:38 IST" name="tearDownClass" finished-at="2026-02-01T13:00:38 IST" duration-ms="43" status="PASS">
          <reporter-output>
          </reporter-output>
        </test-method> <!-- tearDownClass -->
      </class> <!-- com.framework.runner.TestRunner -->
    </test> <!-- Surefire test -->
  </suite> <!-- Surefire suite -->
</testng-results>
